<?xml version="1.0" encoding="UTF-8"?>
<testsuite name="com.BridgeLabz.MoodAnalyser.MoodAnalyserTest" tests="1" skipped="0" failures="0" errors="0" timestamp="2022-02-25T08:55:24" hostname="DESKTOP-7O2OJUS" time="0.03">
  <properties/>
  <testcase name="given_Message_When_Sad_Should_Return_Sad()" classname="com.BridgeLabz.MoodAnalyser.MoodAnalyserTest" time="0.03"/>
  <system-out><![CDATA[]]></system-out>
  <system-err><![CDATA[]]></system-err>
</testsuite>
